INFO: [VRFC 10-2263] Analyzing Verilog file "C:/Users/dwigh/Xilinx/ADPCM/ADPCM.srcs/sources_1/new/ADDER_FIXED_POINT.v" into library xil_defaultlib
INFO: [VRFC 10-311] analyzing module ADDER_FIXED_POINT
INFO: [VRFC 10-2263] Analyzing Verilog file "C:/Users/dwigh/Xilinx/ADPCM/ADPCM.srcs/sources_1/new/ADPCM.v" into library xil_defaultlib
INFO: [VRFC 10-311] analyzing module ADPCM
INFO: [VRFC 10-2263] Analyzing Verilog file "C:/Users/dwigh/Xilinx/ADPCM/ADPCM.srcs/sources_1/new/BIT_QUANTIZER.v" into library xil_defaultlib
INFO: [VRFC 10-311] analyzing module BIT_QUANTIZER
INFO: [VRFC 10-2263] Analyzing Verilog file "C:/Users/dwigh/Xilinx/ADPCM/ADPCM.srcs/sources_1/new/CODESIGN.v" into library xil_defaultlib
INFO: [VRFC 10-311] analyzing module CODESIGN
INFO: [VRFC 10-2263] Analyzing Verilog file "C:/Users/dwigh/Xilinx/ADPCM/ADPCM.srcs/sources_1/new/CODEWORD.v" into library xil_defaultlib
INFO: [VRFC 10-311] analyzing module CODEWORD
INFO: [VRFC 10-2263] Analyzing Verilog file "C:/Users/dwigh/Xilinx/ADPCM/ADPCM.srcs/sources_1/new/DELTA.v" into library xil_defaultlib
INFO: [VRFC 10-311] analyzing module DELTA
INFO: [VRFC 10-2263] Analyzing Verilog file "C:/Users/dwigh/Xilinx/ADPCM/ADPCM.srcs/sources_1/new/DFF.v" into library xil_defaultlib
INFO: [VRFC 10-311] analyzing module DFF
INFO: [VRFC 10-2263] Analyzing Verilog file "C:/Users/dwigh/Xilinx/ADPCM/ADPCM.srcs/sources_1/new/DQ.v" into library xil_defaultlib
INFO: [VRFC 10-311] analyzing module DQ
INFO: [VRFC 10-2263] Analyzing Verilog file "C:/Users/dwigh/Xilinx/ADPCM/ADPCM.srcs/sources_1/new/MUX_2.v" into library xil_defaultlib
INFO: [VRFC 10-311] analyzing module MUX_2
INFO: [VRFC 10-2263] Analyzing Verilog file "C:/Users/dwigh/Xilinx/ADPCM/ADPCM.srcs/sources_1/new/TWOS_COMPLEMENT.v" into library xil_defaultlib
INFO: [VRFC 10-311] analyzing module TWOS_COMPLEMENT_ONLY
INFO: [VRFC 10-311] analyzing module TWOS_COMPLEMENT
INFO: [VRFC 10-2263] Analyzing Verilog file "C:/Users/dwigh/Xilinx/ADPCM/ADPCM.srcs/sim_1/new/tb_ADPCM.v" into library xil_defaultlib
INFO: [VRFC 10-311] analyzing module tb_ADPCM
